Build started 6/18/2014 8:58:04 PM.
     1>Project "D:\WinAPI\Lab2\Lab2\Lab2.vcxproj" on node 2 (Build target(s)).
     1>ClCompile:
         C:\Program Files (x86)\Microsoft Visual Studio 12.0\VC\bin\CL.exe /c /ZI /nologo /W3 /WX- /sdl /Od /Oy- /D _MBCS /Gm /EHsc /RTC1 /MDd /GS /fp:precise /Zc:wchar_t /Zc:forScope /Fo"Debug\\" /Fd"Debug\vc120.pdb" /Gd /TP /analyze- /errorReport:prompt main.cpp
         main.cpp
     1>d:\winapi\lab2\lab2\main.cpp(113): warning C4244: 'argument' : conversion from 'double' to 'int', possible loss of data
     1>d:\winapi\lab2\lab2\main.cpp(120): warning C4244: 'argument' : conversion from 'double' to 'int', possible loss of data
     1>d:\winapi\lab2\lab2\main.cpp(136): warning C4244: 'argument' : conversion from 'double' to 'int', possible loss of data
     1>d:\winapi\lab2\lab2\main.cpp(144): warning C4244: 'argument' : conversion from 'double' to 'int', possible loss of data
     1>d:\winapi\lab2\lab2\main.cpp(182): warning C4244: 'argument' : conversion from 'double' to 'int', possible loss of data
     1>d:\winapi\lab2\lab2\main.cpp(183): warning C4244: 'argument' : conversion from 'double' to 'int', possible loss of data
     1>d:\winapi\lab2\lab2\main.cpp(184): warning C4244: 'argument' : conversion from 'double' to 'int', possible loss of data
     1>d:\winapi\lab2\lab2\main.cpp(185): warning C4244: 'argument' : conversion from 'double' to 'int', possible loss of data
     1>d:\winapi\lab2\lab2\main.cpp(186): warning C4244: 'argument' : conversion from 'double' to 'int', possible loss of data
     1>d:\winapi\lab2\lab2\main.cpp(187): warning C4244: 'argument' : conversion from 'double' to 'int', possible loss of data
     1>d:\winapi\lab2\lab2\main.cpp(91): warning C4101: 'textSize' : unreferenced local variable
       Link:
         C:\Program Files (x86)\Microsoft Visual Studio 12.0\VC\bin\link.exe /ERRORREPORT:PROMPT /OUT:"D:\WinAPI\Lab2\Debug\Lab2.exe" /INCREMENTAL /NOLOGO kernel32.lib user32.lib gdi32.lib winspool.lib comdlg32.lib advapi32.lib shell32.lib ole32.lib oleaut32.lib uuid.lib odbc32.lib odbccp32.lib /MANIFEST /MANIFESTUAC:"level='asInvoker' uiAccess='false'" /manifest:embed /DEBUG /PDB:"D:\WinAPI\Lab2\Debug\Lab2.pdb" /TLBID:1 /DYNAMICBASE /NXCOMPAT /IMPLIB:"D:\WinAPI\Lab2\Debug\Lab2.lib" /MACHINE:X86 Debug\Resource.res
         Debug\main.obj
         Lab2.vcxproj -> D:\WinAPI\Lab2\Debug\Lab2.exe
     1>Done Building Project "D:\WinAPI\Lab2\Lab2\Lab2.vcxproj" (Build target(s)).

Build succeeded.

Time Elapsed 00:00:00.44
